{"C:\\Users\\tonda\\Desktop\\NODE\\Plans\\in.js": {"path":"C:\\Users\\tonda\\Desktop\\NODE\\Plans\\in.js","statementMap":{"0":{"start":{"line":5,"column":2},"end":{"line":5,"column":15}},"1":{"start":{"line":11,"column":2},"end":{"line":11,"column":15}},"2":{"start":{"line":14,"column":0},"end":{"line":14,"column":21}},"3":{"start":{"line":15,"column":0},"end":{"line":15,"column":27}}},"fnMap":{"0":{"name":"mul","decl":{"start":{"line":2,"column":9},"end":{"line":2,"column":12}},"loc":{"start":{"line":2,"column":19},"end":{"line":6,"column":1}},"line":2},"1":{"name":"mul1","decl":{"start":{"line":8,"column":9},"end":{"line":8,"column":13}},"loc":{"start":{"line":8,"column":20},"end":{"line":12,"column":1}},"line":8}},"branchMap":{},"s":{"0":1,"1":0,"2":1,"3":1},"f":{"0":1,"1":0},"b":{},"_coverageSchema":"1a1c01bbd47fc00a2c39e90264f33305004495a9","hash":"802b5a9b7558c4c383ff7e20541c694f415cc28e"}
,"C:\\Users\\tonda\\Desktop\\NODE\\Plans\\ind.js": {"path":"C:\\Users\\tonda\\Desktop\\NODE\\Plans\\ind.js","statementMap":{"0":{"start":{"line":5,"column":2},"end":{"line":5,"column":15}},"1":{"start":{"line":11,"column":2},"end":{"line":11,"column":15}},"2":{"start":{"line":15,"column":0},"end":{"line":15,"column":21}},"3":{"start":{"line":16,"column":0},"end":{"line":16,"column":27}}},"fnMap":{"0":{"name":"sub","decl":{"start":{"line":2,"column":9},"end":{"line":2,"column":12}},"loc":{"start":{"line":2,"column":19},"end":{"line":6,"column":1}},"line":2},"1":{"name":"mul1","decl":{"start":{"line":8,"column":9},"end":{"line":8,"column":13}},"loc":{"start":{"line":8,"column":20},"end":{"line":12,"column":1}},"line":8}},"branchMap":{},"s":{"0":4,"1":0,"2":1,"3":1},"f":{"0":4,"1":0},"b":{},"_coverageSchema":"1a1c01bbd47fc00a2c39e90264f33305004495a9","hash":"c18d6886d22a82af8f276906cfc52bb9ebd039d1"}
,"C:\\Users\\tonda\\Desktop\\NODE\\Plans\\index.js": {"path":"C:\\Users\\tonda\\Desktop\\NODE\\Plans\\index.js","statementMap":{"0":{"start":{"line":4,"column":2},"end":{"line":4,"column":15}},"1":{"start":{"line":10,"column":2},"end":{"line":10,"column":15}},"2":{"start":{"line":12,"column":0},"end":{"line":12,"column":21}},"3":{"start":{"line":13,"column":0},"end":{"line":13,"column":27}}},"fnMap":{"0":{"name":"sum","decl":{"start":{"line":1,"column":9},"end":{"line":1,"column":12}},"loc":{"start":{"line":1,"column":19},"end":{"line":5,"column":1}},"line":1},"1":{"name":"mul1","decl":{"start":{"line":7,"column":9},"end":{"line":7,"column":13}},"loc":{"start":{"line":7,"column":20},"end":{"line":11,"column":1}},"line":7}},"branchMap":{},"s":{"0":4,"1":0,"2":1,"3":1},"f":{"0":4,"1":0},"b":{},"_coverageSchema":"1a1c01bbd47fc00a2c39e90264f33305004495a9","hash":"c3e7a8eb857ba9e3e663d85bc05a41e28932e68f"}
,"C:\\Users\\tonda\\Desktop\\NODE\\Plans\\eidiko-monorepo\\apps\\eidiko-monorepo-plans\\functionss.js": {"path":"C:\\Users\\tonda\\Desktop\\NODE\\Plans\\eidiko-monorepo\\apps\\eidiko-monorepo-plans\\functionss.js","statementMap":{"0":{"start":{"line":3,"column":2},"end":{"line":3,"column":15}},"1":{"start":{"line":6,"column":0},"end":{"line":6,"column":21}}},"fnMap":{"0":{"name":"sub","decl":{"start":{"line":2,"column":9},"end":{"line":2,"column":12}},"loc":{"start":{"line":2,"column":19},"end":{"line":4,"column":1}},"line":2}},"branchMap":{},"s":{"0":1,"1":1},"f":{"0":1},"b":{},"_coverageSchema":"1a1c01bbd47fc00a2c39e90264f33305004495a9","hash":"7956b8cbb694c7cec76b1121e4a7cf8ac8bd437d"}
,"C:\\Users\\tonda\\Desktop\\NODE\\Plans\\eidiko-monorepo\\apps\\eidiko-monorepo-plans\\index.js": {"path":"C:\\Users\\tonda\\Desktop\\NODE\\Plans\\eidiko-monorepo\\apps\\eidiko-monorepo-plans\\index.js","statementMap":{"0":{"start":{"line":3,"column":2},"end":{"line":3,"column":15}},"1":{"start":{"line":8,"column":2},"end":{"line":8,"column":15}},"2":{"start":{"line":11,"column":0},"end":{"line":14,"column":2}}},"fnMap":{"0":{"name":"sum","decl":{"start":{"line":2,"column":9},"end":{"line":2,"column":12}},"loc":{"start":{"line":2,"column":19},"end":{"line":4,"column":1}},"line":2},"1":{"name":"sub","decl":{"start":{"line":7,"column":9},"end":{"line":7,"column":12}},"loc":{"start":{"line":7,"column":19},"end":{"line":9,"column":1}},"line":7}},"branchMap":{},"s":{"0":1,"1":1,"2":1},"f":{"0":1,"1":1},"b":{},"_coverageSchema":"1a1c01bbd47fc00a2c39e90264f33305004495a9","hash":"bead3fe4859f7d127357527c768a58fa30344360"}
}
