{"C:\\Users\\tonda\\Desktop\\NODE\\Plans\\api.js": {"path":"C:\\Users\\tonda\\Desktop\\NODE\\Plans\\api.js","statementMap":{"0":{"start":{"line":6,"column":2},"end":{"line":25,"column":3}},"1":{"start":{"line":8,"column":21},"end":{"line":8,"column":37}},"2":{"start":{"line":11,"column":4},"end":{"line":13,"column":5}},"3":{"start":{"line":12,"column":6},"end":{"line":12,"column":64}},"4":{"start":{"line":16,"column":21},"end":{"line":16,"column":42}},"5":{"start":{"line":19,"column":4},"end":{"line":19,"column":20}},"6":{"start":{"line":23,"column":4},"end":{"line":23,"column":62}},"7":{"start":{"line":24,"column":4},"end":{"line":24,"column":16}}},"fnMap":{"0":{"name":"getJsonData","decl":{"start":{"line":5,"column":22},"end":{"line":5,"column":33}},"loc":{"start":{"line":5,"column":39},"end":{"line":26,"column":1}},"line":5}},"branchMap":{"0":{"loc":{"start":{"line":11,"column":4},"end":{"line":13,"column":5}},"type":"if","locations":[{"start":{"line":11,"column":4},"end":{"line":13,"column":5}},{"start":{},"end":{}}],"line":11}},"s":{"0":2,"1":2,"2":2,"3":1,"4":1,"5":1,"6":1,"7":1},"f":{"0":2},"b":{"0":[1,1]},"_coverageSchema":"1a1c01bbd47fc00a2c39e90264f33305004495a9","hash":"c002ca648517939983389c1567bc60119ffde35a"}
,"C:\\Users\\tonda\\Desktop\\NODE\\Plans\\in.js": {"path":"C:\\Users\\tonda\\Desktop\\NODE\\Plans\\in.js","statementMap":{"0":{"start":{"line":5,"column":2},"end":{"line":5,"column":15}},"1":{"start":{"line":10,"column":0},"end":{"line":10,"column":21}}},"fnMap":{"0":{"name":"mul","decl":{"start":{"line":2,"column":9},"end":{"line":2,"column":12}},"loc":{"start":{"line":2,"column":19},"end":{"line":6,"column":1}},"line":2}},"branchMap":{},"s":{"0":1,"1":1},"f":{"0":1},"b":{},"_coverageSchema":"1a1c01bbd47fc00a2c39e90264f33305004495a9","hash":"67f62e62e42c6861850b946d47cd93a32b42425f"}
,"C:\\Users\\tonda\\Desktop\\NODE\\Plans\\ind.js": {"path":"C:\\Users\\tonda\\Desktop\\NODE\\Plans\\ind.js","statementMap":{"0":{"start":{"line":5,"column":2},"end":{"line":5,"column":15}},"1":{"start":{"line":10,"column":0},"end":{"line":10,"column":21}}},"fnMap":{"0":{"name":"sub","decl":{"start":{"line":2,"column":9},"end":{"line":2,"column":12}},"loc":{"start":{"line":2,"column":19},"end":{"line":6,"column":1}},"line":2}},"branchMap":{},"s":{"0":4,"1":1},"f":{"0":4},"b":{},"_coverageSchema":"1a1c01bbd47fc00a2c39e90264f33305004495a9","hash":"c5b7264d03279c6e4d7b905a1e28a6fab08c2814"}
,"C:\\Users\\tonda\\Desktop\\NODE\\Plans\\index.js": {"path":"C:\\Users\\tonda\\Desktop\\NODE\\Plans\\index.js","statementMap":{"0":{"start":{"line":4,"column":2},"end":{"line":4,"column":15}},"1":{"start":{"line":8,"column":0},"end":{"line":8,"column":21}}},"fnMap":{"0":{"name":"sum","decl":{"start":{"line":1,"column":9},"end":{"line":1,"column":12}},"loc":{"start":{"line":1,"column":19},"end":{"line":5,"column":1}},"line":1}},"branchMap":{},"s":{"0":4,"1":1},"f":{"0":4},"b":{},"_coverageSchema":"1a1c01bbd47fc00a2c39e90264f33305004495a9","hash":"3a00c71a434f65ba4c950d3c892d4dce6953dc9c"}
,"C:\\Users\\tonda\\Desktop\\NODE\\Plans\\eidiko-monorepo\\apps\\eidiko-monorepo-plans\\functionss.js": {"path":"C:\\Users\\tonda\\Desktop\\NODE\\Plans\\eidiko-monorepo\\apps\\eidiko-monorepo-plans\\functionss.js","statementMap":{"0":{"start":{"line":3,"column":2},"end":{"line":3,"column":15}},"1":{"start":{"line":6,"column":0},"end":{"line":6,"column":21}}},"fnMap":{"0":{"name":"sub","decl":{"start":{"line":2,"column":9},"end":{"line":2,"column":12}},"loc":{"start":{"line":2,"column":19},"end":{"line":4,"column":1}},"line":2}},"branchMap":{},"s":{"0":1,"1":1},"f":{"0":1},"b":{},"_coverageSchema":"1a1c01bbd47fc00a2c39e90264f33305004495a9","hash":"7956b8cbb694c7cec76b1121e4a7cf8ac8bd437d"}
,"C:\\Users\\tonda\\Desktop\\NODE\\Plans\\eidiko-monorepo\\apps\\eidiko-monorepo-plans\\index.js": {"path":"C:\\Users\\tonda\\Desktop\\NODE\\Plans\\eidiko-monorepo\\apps\\eidiko-monorepo-plans\\index.js","statementMap":{"0":{"start":{"line":3,"column":2},"end":{"line":3,"column":15}},"1":{"start":{"line":8,"column":2},"end":{"line":8,"column":15}},"2":{"start":{"line":11,"column":0},"end":{"line":14,"column":2}}},"fnMap":{"0":{"name":"sum","decl":{"start":{"line":2,"column":9},"end":{"line":2,"column":12}},"loc":{"start":{"line":2,"column":19},"end":{"line":4,"column":1}},"line":2},"1":{"name":"sub","decl":{"start":{"line":7,"column":9},"end":{"line":7,"column":12}},"loc":{"start":{"line":7,"column":19},"end":{"line":9,"column":1}},"line":7}},"branchMap":{},"s":{"0":1,"1":1,"2":1},"f":{"0":1,"1":1},"b":{},"_coverageSchema":"1a1c01bbd47fc00a2c39e90264f33305004495a9","hash":"bead3fe4859f7d127357527c768a58fa30344360"}
}
