TN:
SF:in.js
FN:2,mul
FN:8,mul1
FNF:2
FNH:1
FNDA:1,mul
FNDA:0,mul1
DA:5,1
DA:11,0
DA:14,1
DA:15,1
LF:4
LH:3
BRF:0
BRH:0
end_of_record
TN:
SF:ind.js
FN:2,sub
FN:8,mul1
FNF:2
FNH:1
FNDA:4,sub
FNDA:0,mul1
DA:5,4
DA:11,0
DA:15,1
DA:16,1
LF:4
LH:3
BRF:0
BRH:0
end_of_record
TN:
SF:index.js
FN:1,sum
FN:7,mul1
FNF:2
FNH:1
FNDA:4,sum
FNDA:0,mul1
DA:4,4
DA:10,0
DA:12,1
DA:13,1
LF:4
LH:3
BRF:0
BRH:0
end_of_record
TN:
SF:eidiko-monorepo\apps\eidiko-monorepo-plans\functionss.js
FN:2,sub
FNF:1
FNH:1
FNDA:1,sub
DA:3,1
DA:6,1
LF:2
LH:2
BRF:0
BRH:0
end_of_record
TN:
SF:eidiko-monorepo\apps\eidiko-monorepo-plans\index.js
FN:2,sum
FN:7,sub
FNF:2
FNH:2
FNDA:1,sum
FNDA:1,sub
DA:3,1
DA:8,1
DA:11,1
LF:3
LH:3
BRF:0
BRH:0
end_of_record
