TN:
SF:api.js
FN:5,getJsonData
FNF:1
FNH:1
FNDA:2,getJsonData
DA:6,2
DA:8,2
DA:11,2
DA:12,1
DA:16,1
DA:19,1
DA:23,1
DA:24,1
LF:8
LH:8
BRDA:11,0,0,1
BRDA:11,0,1,1
BRF:2
BRH:2
end_of_record
TN:
SF:in.js
FN:2,mul
FNF:1
FNH:1
FNDA:1,mul
DA:5,1
DA:10,1
LF:2
LH:2
BRF:0
BRH:0
end_of_record
TN:
SF:ind.js
FN:2,sub
FNF:1
FNH:1
FNDA:4,sub
DA:5,4
DA:10,1
LF:2
LH:2
BRF:0
BRH:0
end_of_record
TN:
SF:index.js
FN:1,sum
FNF:1
FNH:1
FNDA:4,sum
DA:4,4
DA:8,1
LF:2
LH:2
BRF:0
BRH:0
end_of_record
TN:
SF:eidiko-monorepo\apps\eidiko-monorepo-plans\functionss.js
FN:2,sub
FNF:1
FNH:1
FNDA:1,sub
DA:3,1
DA:6,1
LF:2
LH:2
BRF:0
BRH:0
end_of_record
TN:
SF:eidiko-monorepo\apps\eidiko-monorepo-plans\index.js
FN:2,sum
FN:7,sub
FNF:2
FNH:2
FNDA:1,sum
FNDA:1,sub
DA:3,1
DA:8,1
DA:11,1
LF:3
LH:3
BRF:0
BRH:0
end_of_record
